2017-05-21 22:48:52,847 [Worker-4] INFO  c.n.h.c.p.n.NettyAsyncHttpProvider - Number of application's worked threads is 8
2017-05-21 22:48:54,636 [Worker-5] INFO  o.e.m.c.i.i.nexus.NexusIndexManager - Updating index for repository: central|http://repo.maven.apache.org/maven2
2017-05-21 22:48:54,740 [Worker-5] INFO  c.n.h.c.p.n.NettyAsyncHttpProvider - Number of application's worked threads is 8
2017-05-21 22:49:06,549 [Worker-4] INFO  o.e.m.c.i.e.AbstractTransferListenerAdapter - Downloaded http://repo.maven.apache.org/maven2/org/icefaces/icefaces/1.8.0/icefaces-1.8.0.jar
2017-05-21 22:49:06,575 [Worker-5] ERROR o.e.m.c.i.i.nexus.NexusIndexManager - Unable to update index for central|http://repo.maven.apache.org/maven2
java.io.IOException: null to http://repo.maven.apache.org/maven2/.index/nexus-maven-repository-index.properties
	at org.eclipse.m2e.core.internal.index.nexus.AsyncFetcher$PipedErrorInputStream.checkError(AsyncFetcher.java:252) ~[org.eclipse.m2e.core_1.2.0.me201302030338.jar:na]
	at org.eclipse.m2e.core.internal.index.nexus.AsyncFetcher$PipedErrorInputStream.read(AsyncFetcher.java:258) ~[org.eclipse.m2e.core_1.2.0.me201302030338.jar:na]
	at java.io.PipedInputStream.read(PipedInputStream.java:361) ~[na:1.6.0_43]
	at java.io.InputStream.read(InputStream.java:82) ~[na:1.6.0_43]
	at java.util.Properties$LineReader.readLine(Properties.java:418) ~[na:1.6.0_43]
	at java.util.Properties.load0(Properties.java:337) ~[na:1.6.0_43]
	at java.util.Properties.load(Properties.java:325) ~[na:1.6.0_43]
	at org.apache.maven.index.updater.DefaultIndexUpdater.downloadIndexProperties(DefaultIndexUpdater.java:457) ~[indexer-core-3.1.0.jar:3.1.0]
	at org.apache.maven.index.updater.DefaultIndexUpdater.access$100(DefaultIndexUpdater.java:75) ~[indexer-core-3.1.0.jar:3.1.0]
	at org.apache.maven.index.updater.DefaultIndexUpdater$IndexAdaptor.setProperties(DefaultIndexUpdater.java:607) ~[indexer-core-3.1.0.jar:3.1.0]
	at org.apache.maven.index.updater.DefaultIndexUpdater.fetchAndUpdateIndex(DefaultIndexUpdater.java:788) ~[indexer-core-3.1.0.jar:3.1.0]
	at org.apache.maven.index.updater.DefaultIndexUpdater.fetchAndUpdateIndex(DefaultIndexUpdater.java:135) ~[indexer-core-3.1.0.jar:3.1.0]
	at org.eclipse.m2e.core.internal.index.nexus.NexusIndexManager.updateRemoteIndex(NexusIndexManager.java:1235) [org.eclipse.m2e.core_1.2.0.me201302030338.jar:na]
	at org.eclipse.m2e.core.internal.index.nexus.NexusIndexManager.updateIndex(NexusIndexManager.java:1190) [org.eclipse.m2e.core_1.2.0.me201302030338.jar:na]
	at org.eclipse.m2e.core.internal.index.nexus.NexusIndexManager$1.run(NexusIndexManager.java:705) [org.eclipse.m2e.core_1.2.0.me201302030338.jar:na]
	at org.eclipse.m2e.core.internal.index.nexus.IndexUpdaterJob.run(IndexUpdaterJob.java:71) [org.eclipse.m2e.core_1.2.0.me201302030338.jar:na]
	at org.eclipse.core.internal.jobs.Worker.run(Worker.java:54) [org.eclipse.core.jobs_3.5.200.v20120521-2346.jar:na]
Caused by: java.net.ConnectException: null to http://repo.maven.apache.org/maven2/.index/nexus-maven-repository-index.properties
	at com.ning.http.client.providers.netty.NettyConnectListener.operationComplete(NettyConnectListener.java:95) ~[async-http-client-1.6.5.jar:na]
	at org.jboss.netty.channel.DefaultChannelFuture.notifyListener(DefaultChannelFuture.java:381) ~[na:na]
	at org.jboss.netty.channel.DefaultChannelFuture.addListener(DefaultChannelFuture.java:148) ~[na:na]
	at com.ning.http.client.providers.netty.NettyAsyncHttpProvider.doConnect(NettyAsyncHttpProvider.java:945) ~[async-http-client-1.6.5.jar:na]
	at com.ning.http.client.providers.netty.NettyAsyncHttpProvider.execute(NettyAsyncHttpProvider.java:776) ~[async-http-client-1.6.5.jar:na]
	at com.ning.http.client.AsyncHttpClient.executeRequest(AsyncHttpClient.java:484) ~[async-http-client-1.6.5.jar:na]
	at com.ning.http.client.SimpleAsyncHttpClient.execute(SimpleAsyncHttpClient.java:285) ~[async-http-client-1.6.5.jar:na]
	at com.ning.http.client.SimpleAsyncHttpClient.get(SimpleAsyncHttpClient.java:202) ~[async-http-client-1.6.5.jar:na]
	at org.eclipse.m2e.core.internal.index.nexus.AsyncFetcher.retrieve(AsyncFetcher.java:204) ~[org.eclipse.m2e.core_1.2.0.me201302030338.jar:na]
	at org.apache.maven.index.updater.DefaultIndexUpdater.downloadIndexProperties(DefaultIndexUpdater.java:452) ~[indexer-core-3.1.0.jar:3.1.0]
	... 9 common frames omitted
Caused by: java.nio.channels.UnresolvedAddressException: null
	at sun.nio.ch.Net.checkAddress(Net.java:29) ~[na:1.6.0_43]
	at sun.nio.ch.SocketChannelImpl.connect(SocketChannelImpl.java:512) ~[na:1.6.0_43]
	at org.jboss.netty.channel.socket.nio.NioClientSocketPipelineSink.connect(NioClientSocketPipelineSink.java:140) ~[na:na]
	at org.jboss.netty.channel.socket.nio.NioClientSocketPipelineSink.eventSunk(NioClientSocketPipelineSink.java:103) ~[na:na]
	at org.jboss.netty.handler.codec.oneone.OneToOneEncoder.handleDownstream(OneToOneEncoder.java:60) ~[na:na]
	at org.jboss.netty.handler.codec.http.HttpClientCodec.handleDownstream(HttpClientCodec.java:82) ~[na:na]
	at org.jboss.netty.handler.stream.ChunkedWriteHandler.handleDownstream(ChunkedWriteHandler.java:115) ~[na:na]
	at org.jboss.netty.channel.Channels.connect(Channels.java:541) ~[na:na]
	at org.jboss.netty.channel.AbstractChannel.connect(AbstractChannel.java:210) ~[na:na]
	at org.jboss.netty.bootstrap.ClientBootstrap.connect(ClientBootstrap.java:227) ~[na:na]
	at org.jboss.netty.bootstrap.ClientBootstrap.connect(ClientBootstrap.java:188) ~[na:na]
	at com.ning.http.client.providers.netty.NettyAsyncHttpProvider.doConnect(NettyAsyncHttpProvider.java:902) ~[async-http-client-1.6.5.jar:na]
	... 15 common frames omitted
2017-05-21 22:49:08,296 [Worker-4] INFO  c.n.h.c.p.n.NettyAsyncHttpProvider - Number of application's worked threads is 8
2017-05-21 22:49:08,301 [Worker-4] INFO  o.e.m.c.i.e.AbstractTransferListenerAdapter - Downloaded http://repo.maven.apache.org/maven2/org/icefaces/icefaces/1.7.2/icefaces-1.7.2.jar
2017-05-21 22:49:08,427 [Worker-4] INFO  c.n.h.c.p.n.NettyAsyncHttpProvider - Number of application's worked threads is 8
2017-05-21 22:49:08,433 [Worker-4] INFO  o.e.m.c.i.e.AbstractTransferListenerAdapter - Downloaded http://repo.maven.apache.org/maven2/org/icefaces/icefaces/1.7.1/icefaces-1.7.1.jar
2017-05-21 22:49:08,570 [Worker-4] INFO  c.n.h.c.p.n.NettyAsyncHttpProvider - Number of application's worked threads is 8
2017-05-21 22:49:08,574 [Worker-4] INFO  o.e.m.c.i.e.AbstractTransferListenerAdapter - Downloaded http://repo.maven.apache.org/maven2/org/icefaces/icefaces/1.7.0/icefaces-1.7.0.jar
2017-05-21 22:49:08,680 [Worker-4] INFO  c.n.h.c.p.n.NettyAsyncHttpProvider - Number of application's worked threads is 8
2017-05-21 22:49:08,687 [Worker-4] INFO  o.e.m.c.i.e.AbstractTransferListenerAdapter - Downloaded http://repo.maven.apache.org/maven2/org/icefaces/icefaces/1.6.2/icefaces-1.6.2.jar
2017-05-21 22:49:08,800 [Worker-4] INFO  c.n.h.c.p.n.NettyAsyncHttpProvider - Number of application's worked threads is 8
2017-05-21 22:49:08,810 [Worker-4] INFO  o.e.m.c.i.e.AbstractTransferListenerAdapter - Downloaded http://repo.maven.apache.org/maven2/org/icefaces/icefaces/1.6.1/icefaces-1.6.1.jar
2017-05-21 22:49:08,929 [Worker-4] INFO  c.n.h.c.p.n.NettyAsyncHttpProvider - Number of application's worked threads is 8
2017-05-21 22:49:08,936 [Worker-4] INFO  o.e.m.c.i.e.AbstractTransferListenerAdapter - Downloaded http://repo.maven.apache.org/maven2/org/icepush/icepush/2.0.2/icepush-2.0.2.jar
2017-05-21 22:49:09,074 [Worker-4] INFO  c.n.h.c.p.n.NettyAsyncHttpProvider - Number of application's worked threads is 8
2017-05-21 22:49:09,078 [Worker-4] INFO  o.e.m.c.i.e.AbstractTransferListenerAdapter - Downloaded http://repo.maven.apache.org/maven2/org/icefaces/icefaces-comps/1.8.0/icefaces-comps-1.8.0.jar
2017-05-21 22:49:09,182 [Worker-4] INFO  c.n.h.c.p.n.NettyAsyncHttpProvider - Number of application's worked threads is 8
2017-05-21 22:49:09,188 [Worker-4] INFO  o.e.m.c.i.e.AbstractTransferListenerAdapter - Downloaded http://repo.maven.apache.org/maven2/org/icefaces/icefaces-comps/1.7.2/icefaces-comps-1.7.2.jar
2017-05-21 22:49:09,298 [Worker-4] INFO  c.n.h.c.p.n.NettyAsyncHttpProvider - Number of application's worked threads is 8
2017-05-21 22:49:09,309 [Worker-4] INFO  o.e.m.c.i.e.AbstractTransferListenerAdapter - Downloaded http://repo.maven.apache.org/maven2/org/icefaces/icefaces-comps/1.7.1/icefaces-comps-1.7.1.jar
2017-05-21 22:49:09,443 [Worker-4] INFO  c.n.h.c.p.n.NettyAsyncHttpProvider - Number of application's worked threads is 8
2017-05-21 22:49:09,451 [Worker-4] INFO  o.e.m.c.i.e.AbstractTransferListenerAdapter - Downloaded http://repo.maven.apache.org/maven2/org/icefaces/icefaces-comps/1.7.0/icefaces-comps-1.7.0.jar
2017-05-21 22:49:09,581 [Worker-4] INFO  c.n.h.c.p.n.NettyAsyncHttpProvider - Number of application's worked threads is 8
2017-05-21 22:49:09,589 [Worker-4] INFO  o.e.m.c.i.e.AbstractTransferListenerAdapter - Downloaded http://repo.maven.apache.org/maven2/org/icefaces/icefaces-comps/1.6.2/icefaces-comps-1.6.2.jar
2017-05-21 22:49:09,690 [Worker-4] INFO  c.n.h.c.p.n.NettyAsyncHttpProvider - Number of application's worked threads is 8
2017-05-21 22:49:09,696 [Worker-4] INFO  o.e.m.c.i.e.AbstractTransferListenerAdapter - Downloaded http://repo.maven.apache.org/maven2/org/icefaces/icefaces-comps/1.6.1/icefaces-comps-1.6.1.jar
2017-05-21 22:49:09,834 [Worker-4] INFO  c.n.h.c.p.n.NettyAsyncHttpProvider - Number of application's worked threads is 8
2017-05-21 22:49:09,844 [Worker-4] INFO  o.e.m.c.i.e.AbstractTransferListenerAdapter - Downloaded http://repo.maven.apache.org/maven2/org/icefaces/icefaces-facelets/1.8.0/icefaces-facelets-1.8.0.jar
2017-05-21 22:49:09,977 [Worker-4] INFO  c.n.h.c.p.n.NettyAsyncHttpProvider - Number of application's worked threads is 8
2017-05-21 22:49:09,984 [Worker-4] INFO  o.e.m.c.i.e.AbstractTransferListenerAdapter - Downloaded http://repo.maven.apache.org/maven2/org/icefaces/icefaces-facelets/1.7.2/icefaces-facelets-1.7.2.jar
2017-05-21 22:49:10,102 [Worker-4] INFO  c.n.h.c.p.n.NettyAsyncHttpProvider - Number of application's worked threads is 8
2017-05-21 22:49:10,111 [Worker-4] INFO  o.e.m.c.i.e.AbstractTransferListenerAdapter - Downloaded http://repo.maven.apache.org/maven2/org/icefaces/icefaces-facelets/1.7.1/icefaces-facelets-1.7.1.jar
2017-05-21 22:49:10,236 [Worker-4] INFO  c.n.h.c.p.n.NettyAsyncHttpProvider - Number of application's worked threads is 8
2017-05-21 22:49:10,242 [Worker-4] INFO  o.e.m.c.i.e.AbstractTransferListenerAdapter - Downloaded http://repo.maven.apache.org/maven2/org/icefaces/icefaces-facelets/1.7.0/icefaces-facelets-1.7.0.jar
2017-05-21 22:49:10,359 [Worker-4] INFO  c.n.h.c.p.n.NettyAsyncHttpProvider - Number of application's worked threads is 8
2017-05-21 22:49:10,366 [Worker-4] INFO  o.e.m.c.i.e.AbstractTransferListenerAdapter - Downloaded http://repo.maven.apache.org/maven2/org/icefaces/icefaces-facelets/1.6.2/icefaces-facelets-1.6.2.jar
2017-05-21 22:49:10,483 [Worker-4] INFO  c.n.h.c.p.n.NettyAsyncHttpProvider - Number of application's worked threads is 8
2017-05-21 22:49:10,491 [Worker-4] INFO  o.e.m.c.i.e.AbstractTransferListenerAdapter - Downloaded http://repo.maven.apache.org/maven2/org/icefaces/icefaces-facelets/1.6.1/icefaces-facelets-1.6.1.jar
2017-05-21 22:49:10,604 [Worker-4] INFO  c.n.h.c.p.n.NettyAsyncHttpProvider - Number of application's worked threads is 8
2017-05-21 22:49:10,611 [Worker-4] INFO  o.e.m.c.i.e.AbstractTransferListenerAdapter - Downloaded http://repo.maven.apache.org/maven2/net/sourceforge/jexcelapi/jxl/2.6.8/jxl-2.6.8.jar
2017-05-21 22:49:10,750 [Worker-4] INFO  c.n.h.c.p.n.NettyAsyncHttpProvider - Number of application's worked threads is 8
2017-05-21 22:49:10,756 [Worker-4] INFO  o.e.m.c.i.e.AbstractTransferListenerAdapter - Downloaded http://repo.maven.apache.org/maven2/javax/activation/activation/1.0.2/activation-1.0.2.jar
2017-05-21 22:49:10,824 [Worker-4] INFO  c.n.h.c.p.n.NettyAsyncHttpProvider - Number of application's worked threads is 8
2017-05-21 22:49:10,828 [Worker-4] INFO  o.e.m.c.i.e.AbstractTransferListenerAdapter - Downloaded http://repo.maven.apache.org/maven2/javax/mail/mail/1.3.1/mail-1.3.1.jar
2017-05-21 22:49:10,893 [Worker-4] INFO  c.n.h.c.p.n.NettyAsyncHttpProvider - Number of application's worked threads is 8
2017-05-21 22:49:10,897 [Worker-4] INFO  o.e.m.c.i.e.AbstractTransferListenerAdapter - Downloaded http://repo.maven.apache.org/maven2/javax/xml/namespace/1.0.1/namespace-1.0.1.jar
2017-05-21 22:49:10,976 [Worker-4] INFO  c.n.h.c.p.n.NettyAsyncHttpProvider - Number of application's worked threads is 8
2017-05-21 22:49:10,981 [Worker-4] INFO  o.e.m.c.i.e.AbstractTransferListenerAdapter - Downloaded http://repo.maven.apache.org/maven2/javax/sql/jdbc-stdext/2.0/jdbc-stdext-2.0.jar
2017-05-21 22:49:11,051 [Worker-4] INFO  c.n.h.c.p.n.NettyAsyncHttpProvider - Number of application's worked threads is 8
2017-05-21 22:49:11,057 [Worker-4] INFO  o.e.m.c.i.e.AbstractTransferListenerAdapter - Downloaded http://repo.maven.apache.org/maven2/javax/jts/jts/1.0/jts-1.0.jar
2017-05-21 22:49:11,132 [Worker-4] INFO  c.n.h.c.p.n.NettyAsyncHttpProvider - Number of application's worked threads is 8
2017-05-21 22:49:11,136 [Worker-4] INFO  o.e.m.c.i.e.AbstractTransferListenerAdapter - Downloaded http://repo.maven.apache.org/maven2/el-api/el-api/1.0/el-api-1.0.jar
2017-05-21 22:49:11,226 [Worker-4] INFO  c.n.h.c.p.n.NettyAsyncHttpProvider - Number of application's worked threads is 8
2017-05-21 22:49:11,232 [Worker-4] INFO  o.e.m.c.i.e.AbstractTransferListenerAdapter - Downloaded http://repo.maven.apache.org/maven2/el-ri/el-ri/1.0/el-ri-1.0.jar
2017-05-21 22:49:11,315 [Worker-4] INFO  c.n.h.c.p.n.NettyAsyncHttpProvider - Number of application's worked threads is 8
2017-05-21 22:49:11,320 [Worker-4] INFO  o.e.m.c.i.e.AbstractTransferListenerAdapter - Downloaded http://repo.maven.apache.org/maven2/org/jboss/cache/jbosscache-core/3.1.0/jbosscache-core-3.1.0.jar
2017-05-21 22:49:11,417 [Worker-4] INFO  c.n.h.c.p.n.NettyAsyncHttpProvider - Number of application's worked threads is 8
2017-05-21 22:49:11,421 [Worker-4] INFO  o.e.m.c.i.e.AbstractTransferListenerAdapter - Downloaded http://repo.maven.apache.org/maven2/org/eclipse/persistence/javax.persistence/2.0.1/javax.persistence-2.0.1.jar
2017-05-21 22:49:11,504 [Worker-4] INFO  c.n.h.c.p.n.NettyAsyncHttpProvider - Number of application's worked threads is 8
2017-05-21 22:49:11,511 [Worker-4] INFO  o.e.m.c.i.e.AbstractTransferListenerAdapter - Downloaded http://repo.maven.apache.org/maven2/org/eclipse/persistence/eclipselink/2.1/eclipselink-2.1.jar
2017-05-21 22:49:11,583 [Worker-4] INFO  c.n.h.c.p.n.NettyAsyncHttpProvider - Number of application's worked threads is 8
2017-05-21 22:49:11,587 [Worker-4] INFO  o.e.m.c.i.e.AbstractTransferListenerAdapter - Downloaded http://repo.maven.apache.org/maven2/org/eclipse/persistence/eclipselink-jpa-modelgen/2.1/eclipselink-jpa-modelgen-2.1.jar
2017-05-21 22:49:11,706 [Worker-4] INFO  c.n.h.c.p.n.NettyAsyncHttpProvider - Number of application's worked threads is 8
2017-05-21 22:49:11,710 [Worker-4] INFO  o.e.m.c.i.e.AbstractTransferListenerAdapter - Downloaded http://repo.maven.apache.org/maven2/jexcelapi/jxl/2.6.9/jxl-2.6.9.jar
2017-05-21 22:49:11,768 [Worker-4] INFO  c.n.h.c.p.n.NettyAsyncHttpProvider - Number of application's worked threads is 8
2017-05-21 22:49:11,773 [Worker-4] INFO  o.e.m.c.i.e.AbstractTransferListenerAdapter - Downloaded http://repo.maven.apache.org/maven2/com/jamonapi/jamon/2.7/jamon-2.7.jar
2017-05-21 22:49:11,848 [Worker-4] INFO  c.n.h.c.p.n.NettyAsyncHttpProvider - Number of application's worked threads is 8
2017-05-21 22:49:11,852 [Worker-4] INFO  o.e.m.c.i.e.AbstractTransferListenerAdapter - Downloaded http://repo.maven.apache.org/maven2/org/ow2/easybeans/quartz/1.6.1/quartz-1.6.1.jar
2017-05-21 22:49:11,939 [Worker-4] INFO  c.n.h.c.p.n.NettyAsyncHttpProvider - Number of application's worked threads is 8
2017-05-21 22:49:11,946 [Worker-4] INFO  o.e.m.c.i.e.AbstractTransferListenerAdapter - Downloaded http://repo.maven.apache.org/maven2/org/springframework/javaconfig/spring-javaconfig/1.0.0.m4/spring-javaconfig-1.0.0.m4.jar
2017-05-21 22:49:12,026 [Worker-4] INFO  c.n.h.c.p.n.NettyAsyncHttpProvider - Number of application's worked threads is 8
2017-05-21 22:49:12,033 [Worker-4] INFO  o.e.m.c.i.e.AbstractTransferListenerAdapter - Downloaded http://repo.maven.apache.org/maven2/com/bea/commonj/com.springsource.commonj/1.1.0/com.springsource.commonj-1.1.0.jar
2017-05-21 22:49:12,121 [Worker-4] INFO  c.n.h.c.p.n.NettyAsyncHttpProvider - Number of application's worked threads is 8
2017-05-21 22:49:12,132 [Worker-4] INFO  o.e.m.c.i.e.AbstractTransferListenerAdapter - Downloaded http://repo.maven.apache.org/maven2/com/opensymphony/quartz/com.springsource.org.quartz/1.6.2/com.springsource.org.quartz-1.6.2.jar
2017-05-21 22:49:12,223 [Worker-4] INFO  c.n.h.c.p.n.NettyAsyncHttpProvider - Number of application's worked threads is 8
2017-05-21 22:49:12,230 [Worker-4] INFO  o.e.m.c.i.e.AbstractTransferListenerAdapter - Downloaded http://repo.maven.apache.org/maven2/javax/jdo/jdo2-api/2.1.0/jdo2-api-2.1.0.jar
2017-05-21 22:49:12,300 [Worker-4] INFO  c.n.h.c.p.n.NettyAsyncHttpProvider - Number of application's worked threads is 8
2017-05-21 22:49:12,304 [Worker-4] INFO  o.e.m.c.i.e.AbstractTransferListenerAdapter - Downloaded http://repo.maven.apache.org/maven2/com/caucho/com.springsource.com.caucho/3.2.1/com.springsource.com.caucho-3.2.1.jar
2017-05-21 22:49:12,390 [Worker-4] INFO  c.n.h.c.p.n.NettyAsyncHttpProvider - Number of application's worked threads is 8
2017-05-21 22:49:12,396 [Worker-4] INFO  o.e.m.c.i.e.AbstractTransferListenerAdapter - Downloaded http://repo.maven.apache.org/maven2/org/codehaus/jackson/com.springsource.org.codehaus.jackson.mapper/1.0.0/com.springsource.org.codehaus.jackson.mapper-1.0.0.jar
2017-05-21 22:49:12,468 [Worker-4] INFO  c.n.h.c.p.n.NettyAsyncHttpProvider - Number of application's worked threads is 8
2017-05-21 22:49:12,475 [Worker-4] INFO  o.e.m.c.i.e.AbstractTransferListenerAdapter - Downloaded http://repo.maven.apache.org/maven2/org/junit/com.springsource.org.junit/4.7.0/com.springsource.org.junit-4.7.0.jar
2017-05-21 22:49:12,568 [Worker-4] INFO  c.n.h.c.p.n.NettyAsyncHttpProvider - Number of application's worked threads is 8
2017-05-21 22:49:12,576 [Worker-4] INFO  o.e.m.c.i.e.AbstractTransferListenerAdapter - Downloaded http://repo.maven.apache.org/maven2/javax/inject/com.springsource.javax.inject/1.0.0/com.springsource.javax.inject-1.0.0.jar
2017-05-21 22:49:12,679 [Worker-4] INFO  c.n.h.c.p.n.NettyAsyncHttpProvider - Number of application's worked threads is 8
2017-05-21 22:49:12,684 [Worker-4] INFO  o.e.m.c.i.e.AbstractTransferListenerAdapter - Downloaded http://repo.maven.apache.org/maven2/org/apache/commons/com.springsource.org.apache.commons.lang/2.4.0/com.springsource.org.apache.commons.lang-2.4.0.jar
2017-05-21 22:49:12,746 [Worker-4] INFO  c.n.h.c.p.n.NettyAsyncHttpProvider - Number of application's worked threads is 8
2017-05-21 22:49:12,751 [Worker-4] INFO  o.e.m.c.i.e.AbstractTransferListenerAdapter - Downloaded http://repo.maven.apache.org/maven2/jdo/jdori/1.0.1/jdori-1.0.1.jar
2017-05-21 22:49:12,813 [Worker-4] INFO  c.n.h.c.p.n.NettyAsyncHttpProvider - Number of application's worked threads is 8
2017-05-21 22:49:12,817 [Worker-4] INFO  o.e.m.c.i.e.AbstractTransferListenerAdapter - Downloaded http://repo.maven.apache.org/maven2/org/eclipse/persistence/eclipselink/1.0.2/eclipselink-1.0.2.jar
2017-05-21 22:49:12,884 [Worker-4] INFO  c.n.h.c.p.n.NettyAsyncHttpProvider - Number of application's worked threads is 8
2017-05-21 22:49:12,891 [Worker-4] INFO  o.e.m.c.i.e.AbstractTransferListenerAdapter - Downloaded http://repo.maven.apache.org/maven2/org/eclipse/persistence/javax.persistence/1.0.0/javax.persistence-1.0.0.jar
2017-05-21 22:49:12,968 [Worker-4] INFO  c.n.h.c.p.n.NettyAsyncHttpProvider - Number of application's worked threads is 8
2017-05-21 22:49:12,973 [Worker-4] INFO  o.e.m.c.i.e.AbstractTransferListenerAdapter - Downloaded http://repo.maven.apache.org/maven2/myeclipse/pluto-taglib/1.0.1/pluto-taglib-1.0.1.jar
2017-05-21 22:49:13,040 [Worker-4] INFO  c.n.h.c.p.n.NettyAsyncHttpProvider - Number of application's worked threads is 8
2017-05-21 22:49:13,045 [Worker-4] INFO  o.e.m.c.i.e.AbstractTransferListenerAdapter - Downloaded http://repo.maven.apache.org/maven2/myeclipse/pluto-taglib/2.0/pluto-taglib-2.0.jar
2017-05-21 22:49:13,492 [Worker-4] INFO  c.n.h.c.p.n.NettyAsyncHttpProvider - Number of application's worked threads is 8
2017-05-21 22:49:13,497 [Worker-4] INFO  o.e.m.c.i.e.AbstractTransferListenerAdapter - Downloaded http://repo.maven.apache.org/maven2/myeclipse-reports/chartengineapi/2.2.0/chartengineapi-2.2.0.jar
2017-05-21 22:49:13,586 [Worker-4] INFO  c.n.h.c.p.n.NettyAsyncHttpProvider - Number of application's worked threads is 8
2017-05-21 22:49:13,591 [Worker-4] INFO  o.e.m.c.i.e.AbstractTransferListenerAdapter - Downloaded http://repo.maven.apache.org/maven2/myeclipse-reports/coreapi/2.2.0/coreapi-2.2.0.jar
2017-05-21 22:49:13,694 [Worker-4] INFO  c.n.h.c.p.n.NettyAsyncHttpProvider - Number of application's worked threads is 8
2017-05-21 22:49:13,698 [Worker-4] INFO  o.e.m.c.i.e.AbstractTransferListenerAdapter - Downloaded http://repo.maven.apache.org/maven2/myeclipse-reports/dataadapterapi/2.2.0/dataadapterapi-2.2.0.jar
2017-05-21 22:49:13,783 [Worker-4] INFO  c.n.h.c.p.n.NettyAsyncHttpProvider - Number of application's worked threads is 8
2017-05-21 22:49:13,788 [Worker-4] INFO  o.e.m.c.i.e.AbstractTransferListenerAdapter - Downloaded http://repo.maven.apache.org/maven2/myeclipse-reports/dteapi/2.2.0/dteapi-2.2.0.jar
2017-05-21 22:49:13,858 [Worker-4] INFO  c.n.h.c.p.n.NettyAsyncHttpProvider - Number of application's worked threads is 8
2017-05-21 22:49:13,863 [Worker-4] INFO  o.e.m.c.i.e.AbstractTransferListenerAdapter - Downloaded http://repo.maven.apache.org/maven2/myeclipse-reports/engineapi/2.2.0/engineapi-2.2.0.jar
2017-05-21 22:49:13,942 [Worker-4] INFO  c.n.h.c.p.n.NettyAsyncHttpProvider - Number of application's worked threads is 8
2017-05-21 22:49:13,947 [Worker-4] INFO  o.e.m.c.i.e.AbstractTransferListenerAdapter - Downloaded http://repo.maven.apache.org/maven2/myeclipse-reports/modelapi/2.2.0/modelapi-2.2.0.jar
2017-05-21 22:49:14,027 [Worker-4] INFO  c.n.h.c.p.n.NettyAsyncHttpProvider - Number of application's worked threads is 8
2017-05-21 22:49:14,031 [Worker-4] INFO  o.e.m.c.i.e.AbstractTransferListenerAdapter - Downloaded http://repo.maven.apache.org/maven2/myeclipse-reports/scriptapi/2.2.0/scriptapi-2.2.0.jar
2017-05-21 22:49:14,093 [Worker-4] INFO  c.n.h.c.p.n.NettyAsyncHttpProvider - Number of application's worked threads is 8
2017-05-21 22:49:14,098 [Worker-4] INFO  o.e.m.c.i.e.AbstractTransferListenerAdapter - Downloaded http://repo.maven.apache.org/maven2/myeclipse-reports/viewservlets/2.2.0/viewservlets-2.2.0.jar
2017-05-21 22:49:14,164 [Worker-4] INFO  c.n.h.c.p.n.NettyAsyncHttpProvider - Number of application's worked threads is 8
2017-05-21 22:49:14,171 [Worker-4] INFO  o.e.m.c.i.e.AbstractTransferListenerAdapter - Downloaded http://repo.maven.apache.org/maven2/myeclipse/flute/1.0/flute-1.0.jar
2017-05-21 22:49:14,244 [Worker-4] INFO  c.n.h.c.p.n.NettyAsyncHttpProvider - Number of application's worked threads is 8
2017-05-21 22:49:14,250 [Worker-4] INFO  o.e.m.c.i.e.AbstractTransferListenerAdapter - Downloaded http://repo.maven.apache.org/maven2/myeclipse/org.eclipse.emf.common/2.2.1/org.eclipse.emf.common-2.2.1.jar
2017-05-21 22:49:14,328 [Worker-4] INFO  c.n.h.c.p.n.NettyAsyncHttpProvider - Number of application's worked threads is 8
2017-05-21 22:49:14,333 [Worker-4] INFO  o.e.m.c.i.e.AbstractTransferListenerAdapter - Downloaded http://repo.maven.apache.org/maven2/myeclipse/org.eclipse.emf.ecore/2.2.2/org.eclipse.emf.ecore-2.2.2.jar
2017-05-21 22:49:14,400 [Worker-4] INFO  c.n.h.c.p.n.NettyAsyncHttpProvider - Number of application's worked threads is 8
2017-05-21 22:49:14,405 [Worker-4] INFO  o.e.m.c.i.e.AbstractTransferListenerAdapter - Downloaded http://repo.maven.apache.org/maven2/myeclipse/org.eclipse.emf.ecore.xmi/2.2.2/org.eclipse.emf.ecore.xmi-2.2.2.jar
2017-05-21 22:49:14,473 [Worker-4] INFO  c.n.h.c.p.n.NettyAsyncHttpProvider - Number of application's worked threads is 8
2017-05-21 22:49:14,479 [Worker-4] INFO  o.e.m.c.i.e.AbstractTransferListenerAdapter - Downloaded http://repo.maven.apache.org/maven2/myeclipse-reports/chartengineapi/2.3.0/chartengineapi-2.3.0.jar
2017-05-21 22:49:14,556 [Worker-4] INFO  c.n.h.c.p.n.NettyAsyncHttpProvider - Number of application's worked threads is 8
2017-05-21 22:49:14,562 [Worker-4] INFO  o.e.m.c.i.e.AbstractTransferListenerAdapter - Downloaded http://repo.maven.apache.org/maven2/myeclipse-reports/coreapi/2.3.0/coreapi-2.3.0.jar
2017-05-21 22:49:14,651 [Worker-4] INFO  c.n.h.c.p.n.NettyAsyncHttpProvider - Number of application's worked threads is 8
2017-05-21 22:49:14,657 [Worker-4] INFO  o.e.m.c.i.e.AbstractTransferListenerAdapter - Downloaded http://repo.maven.apache.org/maven2/myeclipse-reports/dataadapterapi/2.3.0/dataadapterapi-2.3.0.jar
2017-05-21 22:49:14,727 [Worker-4] INFO  c.n.h.c.p.n.NettyAsyncHttpProvider - Number of application's worked threads is 8
2017-05-21 22:49:14,733 [Worker-4] INFO  o.e.m.c.i.e.AbstractTransferListenerAdapter - Downloaded http://repo.maven.apache.org/maven2/myeclipse-reports/dteapi/2.3.0/dteapi-2.3.0.jar
2017-05-21 22:49:15,104 [Worker-4] INFO  c.n.h.c.p.n.NettyAsyncHttpProvider - Number of application's worked threads is 8
2017-05-21 22:49:15,110 [Worker-4] INFO  o.e.m.c.i.e.AbstractTransferListenerAdapter - Downloaded http://repo.maven.apache.org/maven2/myeclipse-reports/engineapi/2.3.0/engineapi-2.3.0.jar
2017-05-21 22:49:15,184 [Worker-4] INFO  c.n.h.c.p.n.NettyAsyncHttpProvider - Number of application's worked threads is 8
2017-05-21 22:49:15,189 [Worker-4] INFO  o.e.m.c.i.e.AbstractTransferListenerAdapter - Downloaded http://repo.maven.apache.org/maven2/myeclipse-reports/modelapi/2.3.0/modelapi-2.3.0.jar
2017-05-21 22:49:15,249 [Worker-4] INFO  c.n.h.c.p.n.NettyAsyncHttpProvider - Number of application's worked threads is 8
2017-05-21 22:49:15,253 [Worker-4] INFO  o.e.m.c.i.e.AbstractTransferListenerAdapter - Downloaded http://repo.maven.apache.org/maven2/myeclipse-reports/scriptapi/2.3.0/scriptapi-2.3.0.jar
2017-05-21 22:49:15,314 [Worker-4] INFO  c.n.h.c.p.n.NettyAsyncHttpProvider - Number of application's worked threads is 8
2017-05-21 22:49:15,321 [Worker-4] INFO  o.e.m.c.i.e.AbstractTransferListenerAdapter - Downloaded http://repo.maven.apache.org/maven2/myeclipse-reports/viewservlets/2.3.0/viewservlets-2.3.0.jar
2017-05-21 22:49:15,393 [Worker-4] INFO  c.n.h.c.p.n.NettyAsyncHttpProvider - Number of application's worked threads is 8
2017-05-21 22:49:15,397 [Worker-4] INFO  o.e.m.c.i.e.AbstractTransferListenerAdapter - Downloaded http://repo.maven.apache.org/maven2/myeclipse-reports/crosstabcoreapi/2.3.0/crosstabcoreapi-2.3.0.jar
2017-05-21 22:49:15,470 [Worker-4] INFO  c.n.h.c.p.n.NettyAsyncHttpProvider - Number of application's worked threads is 8
2017-05-21 22:49:15,476 [Worker-4] INFO  o.e.m.c.i.e.AbstractTransferListenerAdapter - Downloaded http://repo.maven.apache.org/maven2/myeclipse-reports/dataaggregationapi/2.3.0/dataaggregationapi-2.3.0.jar
2017-05-21 22:49:15,565 [Worker-4] INFO  c.n.h.c.p.n.NettyAsyncHttpProvider - Number of application's worked threads is 8
2017-05-21 22:49:15,569 [Worker-4] INFO  o.e.m.c.i.e.AbstractTransferListenerAdapter - Downloaded http://repo.maven.apache.org/maven2/myeclipse-reports/modelodaapi/2.3.0/modelodaapi-2.3.0.jar
2017-05-21 22:49:15,658 [Worker-4] INFO  c.n.h.c.p.n.NettyAsyncHttpProvider - Number of application's worked threads is 8
2017-05-21 22:49:15,663 [Worker-4] INFO  o.e.m.c.i.e.AbstractTransferListenerAdapter - Downloaded http://repo.maven.apache.org/maven2/myeclipse-reports/odadesignapi/2.3.0/odadesignapi-2.3.0.jar
2017-05-21 22:49:15,764 [Worker-4] INFO  c.n.h.c.p.n.NettyAsyncHttpProvider - Number of application's worked threads is 8
2017-05-21 22:49:15,769 [Worker-4] INFO  o.e.m.c.i.e.AbstractTransferListenerAdapter - Downloaded http://repo.maven.apache.org/maven2/myeclipse-reports/dataextraction/2.3.0/dataextraction-2.3.0.jar
2017-05-21 22:49:15,828 [Worker-4] INFO  c.n.h.c.p.n.NettyAsyncHttpProvider - Number of application's worked threads is 8
2017-05-21 22:49:15,832 [Worker-4] INFO  o.e.m.c.i.e.AbstractTransferListenerAdapter - Downloaded http://repo.maven.apache.org/maven2/myeclipse/org.eclipse.emf.common/2.4.0/org.eclipse.emf.common-2.4.0.jar
2017-05-21 22:49:15,908 [Worker-4] INFO  c.n.h.c.p.n.NettyAsyncHttpProvider - Number of application's worked threads is 8
2017-05-21 22:49:15,915 [Worker-4] INFO  o.e.m.c.i.e.AbstractTransferListenerAdapter - Downloaded http://repo.maven.apache.org/maven2/myeclipse/org.eclipse.emf.ecore/2.4.0/org.eclipse.emf.ecore-2.4.0.jar
2017-05-21 22:49:16,002 [Worker-4] INFO  c.n.h.c.p.n.NettyAsyncHttpProvider - Number of application's worked threads is 8
2017-05-21 22:49:16,008 [Worker-4] INFO  o.e.m.c.i.e.AbstractTransferListenerAdapter - Downloaded http://repo.maven.apache.org/maven2/myeclipse/org.eclipse.emf.ecore.xmi/2.4.0/org.eclipse.emf.ecore.xmi-2.4.0.jar
2017-05-21 22:49:16,086 [Worker-4] INFO  c.n.h.c.p.n.NettyAsyncHttpProvider - Number of application's worked threads is 8
2017-05-21 22:49:16,093 [Worker-4] INFO  o.e.m.c.i.e.AbstractTransferListenerAdapter - Downloaded http://repo.maven.apache.org/maven2/myeclipse-reports/chartengineapi/2.5.0/chartengineapi-2.5.0.jar
2017-05-21 22:49:16,171 [Worker-4] INFO  c.n.h.c.p.n.NettyAsyncHttpProvider - Number of application's worked threads is 8
2017-05-21 22:49:16,177 [Worker-4] INFO  o.e.m.c.i.e.AbstractTransferListenerAdapter - Downloaded http://repo.maven.apache.org/maven2/myeclipse-reports/chartitemapi/2.5.0/chartitemapi-2.5.0.jar
2017-05-21 22:49:16,254 [Worker-4] INFO  c.n.h.c.p.n.NettyAsyncHttpProvider - Number of application's worked threads is 8
2017-05-21 22:49:16,260 [Worker-4] INFO  o.e.m.c.i.e.AbstractTransferListenerAdapter - Downloaded http://repo.maven.apache.org/maven2/myeclipse-reports/coreapi/2.5.0/coreapi-2.5.0.jar
2017-05-21 22:49:16,331 [Worker-4] INFO  c.n.h.c.p.n.NettyAsyncHttpProvider - Number of application's worked threads is 8
2017-05-21 22:49:16,337 [Worker-4] INFO  o.e.m.c.i.e.AbstractTransferListenerAdapter - Downloaded http://repo.maven.apache.org/maven2/myeclipse-reports/dataadapterapi/2.5.0/dataadapterapi-2.5.0.jar
2017-05-21 22:49:16,402 [Worker-4] INFO  c.n.h.c.p.n.NettyAsyncHttpProvider - Number of application's worked threads is 8
2017-05-21 22:49:16,407 [Worker-4] INFO  o.e.m.c.i.e.AbstractTransferListenerAdapter - Downloaded http://repo.maven.apache.org/maven2/myeclipse-reports/dteapi/2.5.0/dteapi-2.5.0.jar
2017-05-21 22:49:16,465 [Worker-4] INFO  c.n.h.c.p.n.NettyAsyncHttpProvider - Number of application's worked threads is 8
2017-05-21 22:49:26,474 [Worker-4] INFO  o.e.m.c.i.e.AbstractTransferListenerAdapter - Downloaded http://repo.maven.apache.org/maven2/myeclipse-reports/engineapi/2.5.0/engineapi-2.5.0.jar
2017-05-21 22:49:26,535 [Worker-4] INFO  c.n.h.c.p.n.NettyAsyncHttpProvider - Number of application's worked threads is 8
2017-05-21 22:49:26,540 [Worker-4] INFO  o.e.m.c.i.e.AbstractTransferListenerAdapter - Downloaded http://repo.maven.apache.org/maven2/myeclipse-reports/modelapi/2.5.0/modelapi-2.5.0.jar
2017-05-21 22:49:26,605 [Worker-4] INFO  c.n.h.c.p.n.NettyAsyncHttpProvider - Number of application's worked threads is 8
2017-05-21 22:49:26,610 [Worker-4] INFO  o.e.m.c.i.e.AbstractTransferListenerAdapter - Downloaded http://repo.maven.apache.org/maven2/myeclipse-reports/scriptapi/2.5.0/scriptapi-2.5.0.jar
2017-05-21 22:49:26,668 [Worker-4] INFO  c.n.h.c.p.n.NettyAsyncHttpProvider - Number of application's worked threads is 8
2017-05-21 22:49:26,673 [Worker-4] INFO  o.e.m.c.i.e.AbstractTransferListenerAdapter - Downloaded http://repo.maven.apache.org/maven2/myeclipse-reports/viewservlets/2.5.0/viewservlets-2.5.0.jar
2017-05-21 22:49:26,735 [Worker-4] INFO  c.n.h.c.p.n.NettyAsyncHttpProvider - Number of application's worked threads is 8
2017-05-21 22:49:26,741 [Worker-4] INFO  o.e.m.c.i.e.AbstractTransferListenerAdapter - Downloaded http://repo.maven.apache.org/maven2/myeclipse-reports/crosstabcoreapi/2.5.0/crosstabcoreapi-2.5.0.jar
2017-05-21 22:49:26,809 [Worker-4] INFO  c.n.h.c.p.n.NettyAsyncHttpProvider - Number of application's worked threads is 8
2017-05-21 22:49:26,814 [Worker-4] INFO  o.e.m.c.i.e.AbstractTransferListenerAdapter - Downloaded http://repo.maven.apache.org/maven2/myeclipse-reports/dataaggregationapi/2.5.0/dataaggregationapi-2.5.0.jar
2017-05-21 22:49:26,916 [Worker-4] INFO  c.n.h.c.p.n.NettyAsyncHttpProvider - Number of application's worked threads is 8
2017-05-21 22:49:26,921 [Worker-4] INFO  o.e.m.c.i.e.AbstractTransferListenerAdapter - Downloaded http://repo.maven.apache.org/maven2/myeclipse-reports/modelodaapi/2.5.0/modelodaapi-2.5.0.jar
2017-05-21 22:49:26,981 [Worker-4] INFO  c.n.h.c.p.n.NettyAsyncHttpProvider - Number of application's worked threads is 8
2017-05-21 22:49:26,986 [Worker-4] INFO  o.e.m.c.i.e.AbstractTransferListenerAdapter - Downloaded http://repo.maven.apache.org/maven2/myeclipse-reports/odadesignapi/2.5.0/odadesignapi-2.5.0.jar
2017-05-21 22:49:27,046 [Worker-4] INFO  c.n.h.c.p.n.NettyAsyncHttpProvider - Number of application's worked threads is 8
2017-05-21 22:49:27,051 [Worker-4] INFO  o.e.m.c.i.e.AbstractTransferListenerAdapter - Downloaded http://repo.maven.apache.org/maven2/myeclipse-reports/dataextraction/2.5.0/dataextraction-2.5.0.jar
2017-05-21 22:49:27,119 [Worker-4] INFO  c.n.h.c.p.n.NettyAsyncHttpProvider - Number of application's worked threads is 8
2017-05-21 22:49:27,125 [Worker-4] INFO  o.e.m.c.i.e.AbstractTransferListenerAdapter - Downloaded http://repo.maven.apache.org/maven2/myeclipse-reports/emitterconfig/2.5.0/emitterconfig-2.5.0.jar
2017-05-21 22:49:27,186 [Worker-4] INFO  c.n.h.c.p.n.NettyAsyncHttpProvider - Number of application's worked threads is 8
2017-05-21 22:49:27,191 [Worker-4] INFO  o.e.m.c.i.e.AbstractTransferListenerAdapter - Downloaded http://repo.maven.apache.org/maven2/myeclipse-reports/chartengineapi/2.5.2/chartengineapi-2.5.2.jar
2017-05-21 22:49:27,255 [Worker-4] INFO  c.n.h.c.p.n.NettyAsyncHttpProvider - Number of application's worked threads is 8
2017-05-21 22:49:27,261 [Worker-4] INFO  o.e.m.c.i.e.AbstractTransferListenerAdapter - Downloaded http://repo.maven.apache.org/maven2/myeclipse-reports/chartitemapi/2.5.2/chartitemapi-2.5.2.jar
2017-05-21 22:49:27,315 [Worker-4] INFO  c.n.h.c.p.n.NettyAsyncHttpProvider - Number of application's worked threads is 8
2017-05-21 22:49:27,320 [Worker-4] INFO  o.e.m.c.i.e.AbstractTransferListenerAdapter - Downloaded http://repo.maven.apache.org/maven2/myeclipse-reports/coreapi/2.5.2/coreapi-2.5.2.jar
2017-05-21 22:49:27,388 [Worker-4] INFO  c.n.h.c.p.n.NettyAsyncHttpProvider - Number of application's worked threads is 8
2017-05-21 22:49:27,395 [Worker-4] INFO  o.e.m.c.i.e.AbstractTransferListenerAdapter - Downloaded http://repo.maven.apache.org/maven2/myeclipse-reports/dataadapterapi/2.5.2/dataadapterapi-2.5.2.jar
2017-05-21 22:49:27,472 [Worker-4] INFO  c.n.h.c.p.n.NettyAsyncHttpProvider - Number of application's worked threads is 8
2017-05-21 22:49:27,478 [Worker-4] INFO  o.e.m.c.i.e.AbstractTransferListenerAdapter - Downloaded http://repo.maven.apache.org/maven2/myeclipse-reports/dteapi/2.5.2/dteapi-2.5.2.jar
2017-05-21 22:49:27,566 [Worker-4] INFO  c.n.h.c.p.n.NettyAsyncHttpProvider - Number of application's worked threads is 8
2017-05-21 22:49:27,572 [Worker-4] INFO  o.e.m.c.i.e.AbstractTransferListenerAdapter - Downloaded http://repo.maven.apache.org/maven2/myeclipse-reports/engineapi/2.5.2/engineapi-2.5.2.jar
2017-05-21 22:49:27,650 [Worker-4] INFO  c.n.h.c.p.n.NettyAsyncHttpProvider - Number of application's worked threads is 8
2017-05-21 22:49:27,656 [Worker-4] INFO  o.e.m.c.i.e.AbstractTransferListenerAdapter - Downloaded http://repo.maven.apache.org/maven2/myeclipse-reports/modelapi/2.5.2/modelapi-2.5.2.jar
2017-05-21 22:49:27,742 [Worker-4] INFO  c.n.h.c.p.n.NettyAsyncHttpProvider - Number of application's worked threads is 8
2017-05-21 22:49:27,747 [Worker-4] INFO  o.e.m.c.i.e.AbstractTransferListenerAdapter - Downloaded http://repo.maven.apache.org/maven2/myeclipse-reports/scriptapi/2.5.2/scriptapi-2.5.2.jar
2017-05-21 22:49:27,825 [Worker-4] INFO  c.n.h.c.p.n.NettyAsyncHttpProvider - Number of application's worked threads is 8
2017-05-21 22:49:27,831 [Worker-4] INFO  o.e.m.c.i.e.AbstractTransferListenerAdapter - Downloaded http://repo.maven.apache.org/maven2/myeclipse-reports/viewservlets/2.5.2/viewservlets-2.5.2.jar
2017-05-21 22:49:27,900 [Worker-4] INFO  c.n.h.c.p.n.NettyAsyncHttpProvider - Number of application's worked threads is 8
2017-05-21 22:49:27,906 [Worker-4] INFO  o.e.m.c.i.e.AbstractTransferListenerAdapter - Downloaded http://repo.maven.apache.org/maven2/myeclipse-reports/crosstabcoreapi/2.5.2/crosstabcoreapi-2.5.2.jar
2017-05-21 22:49:27,963 [Worker-4] INFO  c.n.h.c.p.n.NettyAsyncHttpProvider - Number of application's worked threads is 8
2017-05-21 22:49:27,967 [Worker-4] INFO  o.e.m.c.i.e.AbstractTransferListenerAdapter - Downloaded http://repo.maven.apache.org/maven2/myeclipse-reports/dataaggregationapi/2.5.2/dataaggregationapi-2.5.2.jar
2017-05-21 22:49:28,024 [Worker-4] INFO  c.n.h.c.p.n.NettyAsyncHttpProvider - Number of application's worked threads is 8
2017-05-21 22:49:28,029 [Worker-4] INFO  o.e.m.c.i.e.AbstractTransferListenerAdapter - Downloaded http://repo.maven.apache.org/maven2/myeclipse-reports/modelodaapi/2.5.2/modelodaapi-2.5.2.jar
2017-05-21 22:49:28,091 [Worker-4] INFO  c.n.h.c.p.n.NettyAsyncHttpProvider - Number of application's worked threads is 8
2017-05-21 22:49:28,096 [Worker-4] INFO  o.e.m.c.i.e.AbstractTransferListenerAdapter - Downloaded http://repo.maven.apache.org/maven2/myeclipse-reports/odadesignapi/2.5.2/odadesignapi-2.5.2.jar
2017-05-21 22:49:28,162 [Worker-4] INFO  c.n.h.c.p.n.NettyAsyncHttpProvider - Number of application's worked threads is 8
2017-05-21 22:49:28,167 [Worker-4] INFO  o.e.m.c.i.e.AbstractTransferListenerAdapter - Downloaded http://repo.maven.apache.org/maven2/myeclipse-reports/dataextraction/2.5.2/dataextraction-2.5.2.jar
2017-05-21 22:49:28,237 [Worker-4] INFO  c.n.h.c.p.n.NettyAsyncHttpProvider - Number of application's worked threads is 8
2017-05-21 22:49:28,245 [Worker-4] INFO  o.e.m.c.i.e.AbstractTransferListenerAdapter - Downloaded http://repo.maven.apache.org/maven2/myeclipse-reports/emitterconfig/2.5.2/emitterconfig-2.5.2.jar
2017-05-21 22:49:28,312 [Worker-4] INFO  c.n.h.c.p.n.NettyAsyncHttpProvider - Number of application's worked threads is 8
2017-05-21 22:49:28,316 [Worker-4] INFO  o.e.m.c.i.e.AbstractTransferListenerAdapter - Downloaded http://repo.maven.apache.org/maven2/myeclipse/org.eclipse.emf.common/2.5.0/org.eclipse.emf.common-2.5.0.jar
2017-05-21 22:49:28,389 [Worker-4] INFO  c.n.h.c.p.n.NettyAsyncHttpProvider - Number of application's worked threads is 8
2017-05-21 22:49:28,395 [Worker-4] INFO  o.e.m.c.i.e.AbstractTransferListenerAdapter - Downloaded http://repo.maven.apache.org/maven2/myeclipse/org.eclipse.emf.ecore/2.5.0/org.eclipse.emf.ecore-2.5.0.jar
2017-05-21 22:49:28,459 [Worker-4] INFO  c.n.h.c.p.n.NettyAsyncHttpProvider - Number of application's worked threads is 8
2017-05-21 22:49:28,465 [Worker-4] INFO  o.e.m.c.i.e.AbstractTransferListenerAdapter - Downloaded http://repo.maven.apache.org/maven2/myeclipse/org.eclipse.emf.ecore.xmi/2.5.0/org.eclipse.emf.ecore.xmi-2.5.0.jar
2017-05-21 22:49:28,522 [Worker-4] INFO  c.n.h.c.p.n.NettyAsyncHttpProvider - Number of application's worked threads is 8
2017-05-21 22:49:28,528 [Worker-4] INFO  o.e.m.c.i.e.AbstractTransferListenerAdapter - Downloaded http://repo.maven.apache.org/maven2/com/sun/jersey/jersey-multipart/1.0.3.1/jersey-multipart-1.0.3.1.jar
2017-05-21 22:49:28,584 [Worker-4] INFO  c.n.h.c.p.n.NettyAsyncHttpProvider - Number of application's worked threads is 8
2017-05-21 22:49:28,588 [Worker-4] INFO  o.e.m.c.i.e.AbstractTransferListenerAdapter - Downloaded http://repo.maven.apache.org/maven2/com/sun/jersey/jersey-multipart/1.4/jersey-multipart-1.4.jar
2017-05-21 22:49:28,648 [Worker-4] INFO  c.n.h.c.p.n.NettyAsyncHttpProvider - Number of application's worked threads is 8
2017-05-21 22:49:28,653 [Worker-4] INFO  o.e.m.c.i.e.AbstractTransferListenerAdapter - Downloaded http://repo.maven.apache.org/maven2/com/sun/webservices-extra/1.1/webservices-extra-1.1.jar
2017-05-21 22:49:28,711 [Worker-4] INFO  c.n.h.c.p.n.NettyAsyncHttpProvider - Number of application's worked threads is 8
2017-05-21 22:49:28,715 [Worker-4] INFO  o.e.m.c.i.e.AbstractTransferListenerAdapter - Downloaded http://repo.maven.apache.org/maven2/com/sun/webservices-rt/1.1/webservices-rt-1.1.jar
2017-05-21 22:49:31,673 [Worker-4] INFO  o.e.m.c.i.i.nexus.NexusIndexManager - Updated local repository index
2017-05-22 08:39:28,951 [Worker-135] INFO  o.e.m.c.i.i.nexus.NexusIndexManager - Updating index for repository: central|http://repo.maven.apache.org/maven2
2017-05-22 08:39:28,957 [Worker-135] INFO  c.n.h.c.p.n.NettyAsyncHttpProvider - Number of application's worked threads is 8
2017-05-22 08:40:47,472 [Worker-135] ERROR o.e.m.c.i.i.nexus.NexusIndexManager - Unable to update index for central|http://repo.maven.apache.org/maven2: C:\Users\misaki\.m2\repository\.cache\m2e\1.2.0\26522e0d83a422eed93329ece7565cfc\nexus-maven-repository-index.zip (系统找不到指定的文件。)
java.io.FileNotFoundException: C:\Users\misaki\.m2\repository\.cache\m2e\1.2.0\26522e0d83a422eed93329ece7565cfc\nexus-maven-repository-index.zip (系统找不到指定的文件。)
	at java.io.FileInputStream.open(Native Method) ~[na:1.6.0_43]
	at java.io.FileInputStream.<init>(FileInputStream.java:120) ~[na:1.6.0_43]
	at org.apache.maven.index.updater.DefaultIndexUpdater$FileFetcher.retrieve(DefaultIndexUpdater.java:568) ~[indexer-core-3.1.0.jar:3.1.0]
	at org.apache.maven.index.updater.DefaultIndexUpdater.loadIndexDirectory(DefaultIndexUpdater.java:206) ~[indexer-core-3.1.0.jar:3.1.0]
	at org.apache.maven.index.updater.DefaultIndexUpdater.access$300(DefaultIndexUpdater.java:75) ~[indexer-core-3.1.0.jar:3.1.0]
	at org.apache.maven.index.updater.DefaultIndexUpdater$LuceneIndexAdaptor.setIndexFile(DefaultIndexUpdater.java:645) ~[indexer-core-3.1.0.jar:3.1.0]
	at org.apache.maven.index.updater.DefaultIndexUpdater.fetchAndUpdateIndex(DefaultIndexUpdater.java:844) ~[indexer-core-3.1.0.jar:3.1.0]
	at org.apache.maven.index.updater.DefaultIndexUpdater.fetchAndUpdateIndex(DefaultIndexUpdater.java:156) ~[indexer-core-3.1.0.jar:3.1.0]
	at org.eclipse.m2e.core.internal.index.nexus.NexusIndexManager.updateRemoteIndex(NexusIndexManager.java:1248) [org.eclipse.m2e.core_1.2.0.me201302030338.jar:na]
	at org.eclipse.m2e.core.internal.index.nexus.NexusIndexManager.updateIndex(NexusIndexManager.java:1190) [org.eclipse.m2e.core_1.2.0.me201302030338.jar:na]
	at org.eclipse.m2e.core.internal.index.nexus.NexusIndexManager$1.run(NexusIndexManager.java:705) [org.eclipse.m2e.core_1.2.0.me201302030338.jar:na]
	at org.eclipse.m2e.core.internal.index.nexus.IndexUpdaterJob.run(IndexUpdaterJob.java:71) [org.eclipse.m2e.core_1.2.0.me201302030338.jar:na]
	at org.eclipse.core.internal.jobs.Worker.run(Worker.java:54) [org.eclipse.core.jobs_3.5.200.v20120521-2346.jar:na]
2017-05-22 08:47:02,835 [Worker-135] INFO  c.n.h.c.p.n.NettyAsyncHttpProvider - Number of application's worked threads is 8
2017-05-22 08:47:03,428 [New I/O client worker #116-1] INFO  o.e.m.c.i.e.AbstractTransferListenerAdapter - Downloading http://repo.maven.apache.org/maven2/org/apache/maven/archetypes/maven-archetype-quickstart/maven-metadata.xml
2017-05-22 08:47:03,430 [New I/O client worker #116-1] INFO  o.e.m.c.i.e.AbstractTransferListenerAdapter - Downloaded http://repo.maven.apache.org/maven2/org/apache/maven/archetypes/maven-archetype-quickstart/maven-metadata.xml
2017-05-22 08:47:03,724 [Worker-135] INFO  o.e.m.c.i.p.ProjectConfigurationManager - Collecting project info '/pom.xml' D:\javacode\mavenFirst\MyHello\pom.xml
2017-05-22 08:47:11,173 [Worker-135] INFO  o.e.m.c.i.l.LifecycleMappingFactory - Using org.eclipse.m2e.jdt.JarLifecycleMapping lifecycle mapping for MavenProject: MyHello:MyHello:0.0.1-SNAPSHOT @ D:\javacode\mavenFirst\MyHello\pom.xml.
2017-05-22 08:47:17,702 [Worker-136] INFO  o.e.m.c.i.l.LifecycleMappingFactory - Using org.eclipse.m2e.jdt.JarLifecycleMapping lifecycle mapping for MavenProject: MyHello:MyHello:0.0.1-SNAPSHOT @ D:\javacode\mavenFirst\MyHello\pom.xml.
2017-05-22 08:47:18,001 [Worker-135] INFO  o.e.m.j.i.AbstractJavaProjectConfigurator - Adding source folder /MyHello/src/main/java
2017-05-22 08:47:18,006 [Worker-135] INFO  o.e.m.j.i.AbstractJavaProjectConfigurator - Adding source folder /MyHello/src/test/java
2017-05-22 08:47:19,075 [Worker-135] INFO  o.e.m.c.i.p.ProjectConfigurationManager - Project import completed 15 sec
2017-05-22 08:47:29,632 [Worker-135] INFO  o.e.m.c.i.l.LifecycleMappingFactory - Using org.eclipse.m2e.jdt.JarLifecycleMapping lifecycle mapping for MavenProject: MyHello:MyHello:0.0.1-SNAPSHOT @ D:\javacode\mavenFirst\MyHello\pom.xml.
2017-05-22 08:47:29,927 [Worker-135] INFO  o.e.m.c.i.embedder.EclipseLogger - Using 'UTF-8' encoding to copy filtered resources.
2017-05-22 08:47:29,927 [Worker-135] INFO  o.e.m.c.i.embedder.EclipseLogger - skip non existing resourceDirectory D:\javacode\mavenFirst\MyHello\src\main\resources
2017-05-22 08:47:29,930 [Worker-135] INFO  o.e.m.c.i.embedder.EclipseLogger - Using 'UTF-8' encoding to copy filtered resources.
2017-05-22 08:47:29,930 [Worker-135] INFO  o.e.m.c.i.embedder.EclipseLogger - skip non existing resourceDirectory D:\javacode\mavenFirst\MyHello\src\test\resources
2017-05-22 08:51:26,174 [Worker-135] INFO  o.e.m.c.i.embedder.EclipseLogger - Using 'UTF-8' encoding to copy filtered resources.
2017-05-22 08:51:26,174 [Worker-135] INFO  o.e.m.c.i.embedder.EclipseLogger - skip non existing resourceDirectory D:\javacode\mavenFirst\MyHello\src\main\resources
2017-05-22 08:51:26,176 [Worker-135] INFO  o.e.m.c.i.embedder.EclipseLogger - Using 'UTF-8' encoding to copy filtered resources.
2017-05-22 08:51:26,176 [Worker-135] INFO  o.e.m.c.i.embedder.EclipseLogger - skip non existing resourceDirectory D:\javacode\mavenFirst\MyHello\src\test\resources
2017-05-22 08:52:23,743 [Worker-142] INFO  o.e.m.c.i.embedder.EclipseLogger - Using 'UTF-8' encoding to copy filtered resources.
2017-05-22 08:52:23,743 [Worker-142] INFO  o.e.m.c.i.embedder.EclipseLogger - skip non existing resourceDirectory D:\javacode\mavenFirst\MyHello\src\main\resources
2017-05-22 08:52:23,744 [Worker-142] INFO  o.e.m.c.i.embedder.EclipseLogger - Using 'UTF-8' encoding to copy filtered resources.
2017-05-22 08:52:23,744 [Worker-142] INFO  o.e.m.c.i.embedder.EclipseLogger - skip non existing resourceDirectory D:\javacode\mavenFirst\MyHello\src\test\resources
2017-05-22 08:52:48,830 [Worker-145] INFO  o.e.m.c.i.embedder.EclipseLogger - Using 'UTF-8' encoding to copy filtered resources.
2017-05-22 08:52:48,830 [Worker-145] INFO  o.e.m.c.i.embedder.EclipseLogger - skip non existing resourceDirectory D:\javacode\mavenFirst\MyHello\src\main\resources
2017-05-22 08:52:48,831 [Worker-145] INFO  o.e.m.c.i.embedder.EclipseLogger - Using 'UTF-8' encoding to copy filtered resources.
2017-05-22 08:52:48,832 [Worker-145] INFO  o.e.m.c.i.embedder.EclipseLogger - skip non existing resourceDirectory D:\javacode\mavenFirst\MyHello\src\test\resources
2017-05-22 08:53:12,336 [Worker-145] INFO  o.e.m.c.i.embedder.EclipseLogger - Using 'UTF-8' encoding to copy filtered resources.
2017-05-22 08:53:12,337 [Worker-145] INFO  o.e.m.c.i.embedder.EclipseLogger - skip non existing resourceDirectory D:\javacode\mavenFirst\MyHello\src\main\resources
2017-05-22 08:53:12,338 [Worker-145] INFO  o.e.m.c.i.embedder.EclipseLogger - Using 'UTF-8' encoding to copy filtered resources.
2017-05-22 08:53:12,338 [Worker-145] INFO  o.e.m.c.i.embedder.EclipseLogger - skip non existing resourceDirectory D:\javacode\mavenFirst\MyHello\src\test\resources
2017-05-22 08:53:32,019 [Worker-130] INFO  o.e.m.c.i.embedder.EclipseLogger - Using 'UTF-8' encoding to copy filtered resources.
2017-05-22 08:53:32,019 [Worker-130] INFO  o.e.m.c.i.embedder.EclipseLogger - skip non existing resourceDirectory D:\javacode\mavenFirst\MyHello\src\main\resources
2017-05-22 08:53:32,020 [Worker-130] INFO  o.e.m.c.i.embedder.EclipseLogger - Using 'UTF-8' encoding to copy filtered resources.
2017-05-22 08:53:32,020 [Worker-130] INFO  o.e.m.c.i.embedder.EclipseLogger - skip non existing resourceDirectory D:\javacode\mavenFirst\MyHello\src\test\resources
2017-05-22 09:29:29,431 [Worker-160] INFO  o.e.m.c.i.l.LifecycleMappingFactory - Using org.eclipse.m2e.jdt.JarLifecycleMapping lifecycle mapping for MavenProject: MyHello:MyHello:0.0.1-SNAPSHOT @ D:\javacode\mavenFirst\MyHello\pom.xml.
2017-05-22 09:29:29,572 [Worker-160] INFO  o.e.m.c.i.embedder.EclipseLogger - Using 'UTF-8' encoding to copy filtered resources.
2017-05-22 09:29:29,572 [Worker-160] INFO  o.e.m.c.i.embedder.EclipseLogger - skip non existing resourceDirectory D:\javacode\mavenFirst\MyHello\src\main\resources
2017-05-22 09:29:29,574 [Worker-160] INFO  o.e.m.c.i.embedder.EclipseLogger - Using 'UTF-8' encoding to copy filtered resources.
2017-05-22 09:29:29,574 [Worker-160] INFO  o.e.m.c.i.embedder.EclipseLogger - skip non existing resourceDirectory D:\javacode\mavenFirst\MyHello\src\test\resources
2017-05-22 09:29:31,784 [Worker-154] INFO  o.e.m.c.i.embedder.EclipseLogger - Using 'UTF-8' encoding to copy filtered resources.
2017-05-22 09:29:31,784 [Worker-154] INFO  o.e.m.c.i.embedder.EclipseLogger - skip non existing resourceDirectory D:\javacode\mavenFirst\MyHello\src\main\resources
2017-05-22 09:29:31,786 [Worker-154] INFO  o.e.m.c.i.embedder.EclipseLogger - Using 'UTF-8' encoding to copy filtered resources.
2017-05-22 09:29:31,787 [Worker-154] INFO  o.e.m.c.i.embedder.EclipseLogger - skip non existing resourceDirectory D:\javacode\mavenFirst\MyHello\src\test\resources
2017-05-22 09:31:03,501 [Worker-157] INFO  o.e.m.c.i.l.LifecycleMappingFactory - Using org.eclipse.m2e.jdt.JarLifecycleMapping lifecycle mapping for MavenProject: MyHello:MyHello:0.0.1-SNAPSHOT @ D:\javacode\mavenFirst\MyHello\pom.xml.
2017-05-22 09:31:03,502 [Worker-157] INFO  c.n.h.c.p.n.NettyAsyncHttpProvider - Number of application's worked threads is 8
2017-05-22 09:31:04,660 [New I/O client worker #117-1] INFO  o.e.m.c.i.e.AbstractTransferListenerAdapter - Downloading http://repo.maven.apache.org/maven2/junit/junit/4.9/junit-4.9.pom
2017-05-22 09:31:04,660 [New I/O client worker #117-1] INFO  o.e.m.c.i.e.AbstractTransferListenerAdapter - Downloaded http://repo.maven.apache.org/maven2/junit/junit/4.9/junit-4.9.pom
2017-05-22 09:31:04,899 [Worker-157] INFO  c.n.h.c.p.n.NettyAsyncHttpProvider - Number of application's worked threads is 8
2017-05-22 09:31:05,305 [New I/O client worker #118-1] INFO  o.e.m.c.i.e.AbstractTransferListenerAdapter - Downloading http://repo.maven.apache.org/maven2/org/hamcrest/hamcrest-core/1.1/hamcrest-core-1.1.pom
2017-05-22 09:31:05,305 [New I/O client worker #118-1] INFO  o.e.m.c.i.e.AbstractTransferListenerAdapter - Downloaded http://repo.maven.apache.org/maven2/org/hamcrest/hamcrest-core/1.1/hamcrest-core-1.1.pom
2017-05-22 09:31:05,504 [Worker-157] INFO  c.n.h.c.p.n.NettyAsyncHttpProvider - Number of application's worked threads is 8
2017-05-22 09:31:05,896 [New I/O client worker #119-1] INFO  o.e.m.c.i.e.AbstractTransferListenerAdapter - Downloading http://repo.maven.apache.org/maven2/org/hamcrest/hamcrest-parent/1.1/hamcrest-parent-1.1.pom
2017-05-22 09:31:05,896 [New I/O client worker #119-1] INFO  o.e.m.c.i.e.AbstractTransferListenerAdapter - Downloaded http://repo.maven.apache.org/maven2/org/hamcrest/hamcrest-parent/1.1/hamcrest-parent-1.1.pom
2017-05-22 09:31:06,094 [Worker-157] INFO  c.n.h.c.p.n.NettyAsyncHttpProvider - Number of application's worked threads is 8
2017-05-22 09:31:06,478 [New I/O client worker #120-2] INFO  o.e.m.c.i.e.AbstractTransferListenerAdapter - Downloading http://repo.maven.apache.org/maven2/org/hamcrest/hamcrest-core/1.1/hamcrest-core-1.1.jar
2017-05-22 09:31:06,481 [New I/O client worker #120-1] INFO  o.e.m.c.i.e.AbstractTransferListenerAdapter - Downloading http://repo.maven.apache.org/maven2/junit/junit/4.9/junit-4.9.jar
2017-05-22 09:31:06,931 [New I/O client worker #120-2] INFO  o.e.m.c.i.e.AbstractTransferListenerAdapter - Downloaded http://repo.maven.apache.org/maven2/org/hamcrest/hamcrest-core/1.1/hamcrest-core-1.1.jar
2017-05-22 09:31:07,240 [New I/O client worker #120-1] INFO  o.e.m.c.i.e.AbstractTransferListenerAdapter - Downloaded http://repo.maven.apache.org/maven2/junit/junit/4.9/junit-4.9.jar
2017-05-22 09:31:08,063 [Worker-157] INFO  o.e.m.c.i.embedder.EclipseLogger - Using 'UTF-8' encoding to copy filtered resources.
2017-05-22 09:31:08,063 [Worker-157] INFO  o.e.m.c.i.embedder.EclipseLogger - skip non existing resourceDirectory D:\javacode\mavenFirst\MyHello\src\main\resources
2017-05-22 09:31:08,065 [Worker-157] INFO  o.e.m.c.i.embedder.EclipseLogger - Using 'UTF-8' encoding to copy filtered resources.
2017-05-22 09:31:08,065 [Worker-157] INFO  o.e.m.c.i.embedder.EclipseLogger - skip non existing resourceDirectory D:\javacode\mavenFirst\MyHello\src\test\resources
2017-05-22 09:31:09,247 [Worker-163] INFO  o.e.m.c.i.embedder.EclipseLogger - Using 'UTF-8' encoding to copy filtered resources.
2017-05-22 09:31:09,247 [Worker-163] INFO  o.e.m.c.i.embedder.EclipseLogger - skip non existing resourceDirectory D:\javacode\mavenFirst\MyHello\src\main\resources
2017-05-22 09:31:09,248 [Worker-163] INFO  o.e.m.c.i.embedder.EclipseLogger - Using 'UTF-8' encoding to copy filtered resources.
2017-05-22 09:31:09,248 [Worker-163] INFO  o.e.m.c.i.embedder.EclipseLogger - skip non existing resourceDirectory D:\javacode\mavenFirst\MyHello\src\test\resources
2017-05-22 09:50:53,844 [Worker-163] INFO  o.e.m.c.i.embedder.EclipseLogger - Using 'UTF-8' encoding to copy filtered resources.
2017-05-22 09:50:53,844 [Worker-163] INFO  o.e.m.c.i.embedder.EclipseLogger - skip non existing resourceDirectory D:\javacode\mavenFirst\MyHello\src\main\resources
2017-05-22 09:50:53,845 [Worker-163] INFO  o.e.m.c.i.embedder.EclipseLogger - Using 'UTF-8' encoding to copy filtered resources.
2017-05-22 09:50:53,846 [Worker-163] INFO  o.e.m.c.i.embedder.EclipseLogger - skip non existing resourceDirectory D:\javacode\mavenFirst\MyHello\src\test\resources
2017-05-22 09:50:56,894 [Worker-166] INFO  o.e.m.c.i.embedder.EclipseLogger - Using 'UTF-8' encoding to copy filtered resources.
2017-05-22 09:50:56,895 [Worker-166] INFO  o.e.m.c.i.embedder.EclipseLogger - skip non existing resourceDirectory D:\javacode\mavenFirst\MyHello\src\main\resources
2017-05-22 09:50:56,896 [Worker-166] INFO  o.e.m.c.i.embedder.EclipseLogger - Using 'UTF-8' encoding to copy filtered resources.
2017-05-22 09:50:56,897 [Worker-166] INFO  o.e.m.c.i.embedder.EclipseLogger - skip non existing resourceDirectory D:\javacode\mavenFirst\MyHello\src\test\resources
2017-05-22 09:59:11,644 [Worker-165] INFO  o.e.m.i.launch.MavenLaunchDelegate - D:\javacode\mavenFirst\MyHello
2017-05-22 09:59:11,645 [Worker-165] INFO  o.e.m.i.launch.MavenLaunchDelegate -  mvn  -B -s D:\MAVEN\apache-maven-3.5.0\conf\settings.xml test
2017-05-22 09:59:35,165 [Worker-171] INFO  o.e.m.c.i.embedder.EclipseLogger - Using 'UTF-8' encoding to copy filtered resources.
2017-05-22 09:59:35,165 [Worker-171] INFO  o.e.m.c.i.embedder.EclipseLogger - skip non existing resourceDirectory D:\javacode\mavenFirst\MyHello\src\main\resources
2017-05-22 09:59:35,167 [Worker-171] INFO  o.e.m.c.i.embedder.EclipseLogger - Using 'UTF-8' encoding to copy filtered resources.
2017-05-22 09:59:35,167 [Worker-171] INFO  o.e.m.c.i.embedder.EclipseLogger - skip non existing resourceDirectory D:\javacode\mavenFirst\MyHello\src\test\resources
2017-05-22 09:59:39,776 [Worker-168] INFO  o.e.m.c.i.embedder.EclipseLogger - Using 'UTF-8' encoding to copy filtered resources.
2017-05-22 09:59:39,776 [Worker-168] INFO  o.e.m.c.i.embedder.EclipseLogger - skip non existing resourceDirectory D:\javacode\mavenFirst\MyHello\src\main\resources
2017-05-22 09:59:39,778 [Worker-168] INFO  o.e.m.c.i.embedder.EclipseLogger - Using 'UTF-8' encoding to copy filtered resources.
2017-05-22 09:59:39,779 [Worker-168] INFO  o.e.m.c.i.embedder.EclipseLogger - skip non existing resourceDirectory D:\javacode\mavenFirst\MyHello\src\test\resources
2017-05-22 09:59:48,677 [Worker-168] INFO  o.e.m.i.launch.MavenLaunchDelegate - D:\javacode\mavenFirst\MyHello
2017-05-22 09:59:48,677 [Worker-168] INFO  o.e.m.i.launch.MavenLaunchDelegate -  mvn  -B -s D:\MAVEN\apache-maven-3.5.0\conf\settings.xml test
2017-05-22 10:03:25,053 [Worker-168] INFO  o.e.m.c.i.embedder.EclipseLogger - Using 'UTF-8' encoding to copy filtered resources.
2017-05-22 10:03:25,053 [Worker-168] INFO  o.e.m.c.i.embedder.EclipseLogger - skip non existing resourceDirectory D:\javacode\mavenFirst\MyHello\src\main\resources
2017-05-22 10:03:25,055 [Worker-168] INFO  o.e.m.c.i.embedder.EclipseLogger - Using 'UTF-8' encoding to copy filtered resources.
2017-05-22 10:03:25,056 [Worker-168] INFO  o.e.m.c.i.embedder.EclipseLogger - skip non existing resourceDirectory D:\javacode\mavenFirst\MyHello\src\test\resources
2017-05-22 10:03:37,782 [Worker-165] INFO  o.e.m.c.i.l.LifecycleMappingFactory - Using org.eclipse.m2e.jdt.JarLifecycleMapping lifecycle mapping for MavenProject: MyHello:MyHello:0.0.1-SNAPSHOT @ D:\javacode\mavenFirst\MyHello\pom.xml.
2017-05-22 10:03:37,864 [Worker-165] INFO  o.e.m.c.i.embedder.EclipseLogger - Using 'UTF-8' encoding to copy filtered resources.
2017-05-22 10:03:37,864 [Worker-165] INFO  o.e.m.c.i.embedder.EclipseLogger - skip non existing resourceDirectory D:\javacode\mavenFirst\MyHello\src\main\resources
2017-05-22 10:03:37,866 [Worker-165] INFO  o.e.m.c.i.embedder.EclipseLogger - Using 'UTF-8' encoding to copy filtered resources.
2017-05-22 10:03:37,866 [Worker-165] INFO  o.e.m.c.i.embedder.EclipseLogger - skip non existing resourceDirectory D:\javacode\mavenFirst\MyHello\src\test\resources
2017-05-22 10:03:45,396 [Worker-172] INFO  o.e.m.i.launch.MavenLaunchDelegate - D:\javacode\mavenFirst\MyHello
2017-05-22 10:03:45,396 [Worker-172] INFO  o.e.m.i.launch.MavenLaunchDelegate -  mvn  -B -s D:\MAVEN\apache-maven-3.5.0\conf\settings.xml test
2017-05-22 10:04:48,602 [Worker-170] INFO  o.e.m.c.i.l.LifecycleMappingFactory - Using org.eclipse.m2e.jdt.JarLifecycleMapping lifecycle mapping for MavenProject: MyHello:MyHello:0.0.1-SNAPSHOT @ D:\javacode\mavenFirst\MyHello\pom.xml.
2017-05-22 10:04:48,642 [Worker-170] INFO  o.e.m.c.i.embedder.EclipseLogger - Using 'UTF-8' encoding to copy filtered resources.
2017-05-22 10:04:48,643 [Worker-170] INFO  o.e.m.c.i.embedder.EclipseLogger - skip non existing resourceDirectory D:\javacode\mavenFirst\MyHello\src\main\resources
2017-05-22 10:04:48,644 [Worker-170] INFO  o.e.m.c.i.embedder.EclipseLogger - Using 'UTF-8' encoding to copy filtered resources.
2017-05-22 10:04:48,645 [Worker-170] INFO  o.e.m.c.i.embedder.EclipseLogger - skip non existing resourceDirectory D:\javacode\mavenFirst\MyHello\src\test\resources
2017-05-22 10:06:01,585 [Worker-173] INFO  o.e.m.c.i.l.LifecycleMappingFactory - Using org.eclipse.m2e.jdt.JarLifecycleMapping lifecycle mapping for MavenProject: MyHello:MyHello:0.0.1-SNAPSHOT @ D:\javacode\mavenFirst\MyHello\pom.xml.
2017-05-22 10:06:01,642 [Worker-173] INFO  o.e.m.c.i.embedder.EclipseLogger - Using 'UTF-8' encoding to copy filtered resources.
2017-05-22 10:06:01,642 [Worker-173] INFO  o.e.m.c.i.embedder.EclipseLogger - skip non existing resourceDirectory D:\javacode\mavenFirst\MyHello\src\main\resources
2017-05-22 10:06:01,643 [Worker-173] INFO  o.e.m.c.i.embedder.EclipseLogger - Using 'UTF-8' encoding to copy filtered resources.
2017-05-22 10:06:01,643 [Worker-173] INFO  o.e.m.c.i.embedder.EclipseLogger - skip non existing resourceDirectory D:\javacode\mavenFirst\MyHello\src\test\resources
2017-05-22 10:06:08,314 [Worker-172] INFO  o.e.m.i.launch.MavenLaunchDelegate - D:\javacode\mavenFirst\MyHello
2017-05-22 10:06:08,314 [Worker-172] INFO  o.e.m.i.launch.MavenLaunchDelegate -  mvn  -B -s D:\MAVEN\apache-maven-3.5.0\conf\settings.xml test
2017-05-22 10:07:11,930 [Worker-173] INFO  o.e.m.i.launch.MavenLaunchDelegate - D:\javacode\mavenFirst\MyHello
2017-05-22 10:07:11,930 [Worker-173] INFO  o.e.m.i.launch.MavenLaunchDelegate -  mvn  -B -s D:\MAVEN\apache-maven-3.5.0\conf\settings.xml test
2017-05-22 10:08:28,896 [Worker-172] INFO  o.e.m.i.launch.MavenLaunchDelegate - D:\javacode\mavenFirst\MyHello
2017-05-22 10:08:28,896 [Worker-172] INFO  o.e.m.i.launch.MavenLaunchDelegate -  mvn  -B -s D:\MAVEN\apache-maven-3.5.0\conf\settings.xml install
2017-05-22 10:09:59,879 [Worker-170] INFO  o.e.m.i.launch.MavenLaunchDelegate - D:\javacode\mavenFirst\MyHello
2017-05-22 10:09:59,880 [Worker-170] INFO  o.e.m.i.launch.MavenLaunchDelegate -  mvn  -B -s D:\MAVEN\apache-maven-3.5.0\conf\settings.xml clean
2017-05-22 10:10:13,310 [main] INFO  o.e.m2e.actions.ExecutePomAction - Creating new launch configuration
2017-05-22 10:11:49,890 [Worker-174] INFO  c.n.h.c.p.n.NettyAsyncHttpProvider - Number of application's worked threads is 8
2017-05-22 10:12:01,894 [Worker-174] INFO  o.e.m.c.i.e.AbstractTransferListenerAdapter - Downloaded http://repo.maven.apache.org/maven2/junit/junit/4.9/junit-4.9-javadoc.jar
2017-05-22 10:12:01,896 [Worker-174] ERROR o.e.m.j.internal.DownloadSourcesJob - Could not download sources for junit:junit:4.9
org.eclipse.core.runtime.CoreException: Could not resolve artifact junit:junit:jar:javadoc:4.9
	at org.eclipse.m2e.core.internal.embedder.MavenImpl.resolve(MavenImpl.java:697) ~[org.eclipse.m2e.core_1.2.0.me201302030338.jar:na]
	at org.eclipse.m2e.core.internal.embedder.MavenImpl.resolve(MavenImpl.java:642) ~[org.eclipse.m2e.core_1.2.0.me201302030338.jar:na]
	at org.eclipse.m2e.jdt.internal.DownloadSourcesJob.download(DownloadSourcesJob.java:248) [org.eclipse.m2e.jdt_1.2.0.me201303041849.jar:na]
	at org.eclipse.m2e.jdt.internal.DownloadSourcesJob.downloadAttachments(DownloadSourcesJob.java:237) [org.eclipse.m2e.jdt_1.2.0.me201303041849.jar:na]
	at org.eclipse.m2e.jdt.internal.DownloadSourcesJob.downloadMaven(DownloadSourcesJob.java:203) [org.eclipse.m2e.jdt_1.2.0.me201303041849.jar:na]
	at org.eclipse.m2e.jdt.internal.DownloadSourcesJob.run(DownloadSourcesJob.java:146) [org.eclipse.m2e.jdt_1.2.0.me201303041849.jar:na]
	at org.eclipse.core.internal.jobs.Worker.run(Worker.java:54) [org.eclipse.core.jobs_3.5.200.v20120521-2346.jar:na]
2017-05-22 10:12:01,920 [Worker-174] INFO  c.n.h.c.p.n.NettyAsyncHttpProvider - Number of application's worked threads is 8
2017-05-22 10:12:01,952 [Worker-174] INFO  o.e.m.c.i.e.AbstractTransferListenerAdapter - Downloaded http://repo.maven.apache.org/maven2/org/hamcrest/hamcrest-core/1.1/hamcrest-core-1.1-javadoc.jar
2017-05-22 10:12:01,953 [Worker-174] ERROR o.e.m.j.internal.DownloadSourcesJob - Could not download sources for org.hamcrest:hamcrest-core:1.1
org.eclipse.core.runtime.CoreException: Could not resolve artifact org.hamcrest:hamcrest-core:jar:javadoc:1.1
	at org.eclipse.m2e.core.internal.embedder.MavenImpl.resolve(MavenImpl.java:697) ~[org.eclipse.m2e.core_1.2.0.me201302030338.jar:na]
	at org.eclipse.m2e.core.internal.embedder.MavenImpl.resolve(MavenImpl.java:642) ~[org.eclipse.m2e.core_1.2.0.me201302030338.jar:na]
	at org.eclipse.m2e.jdt.internal.DownloadSourcesJob.download(DownloadSourcesJob.java:248) [org.eclipse.m2e.jdt_1.2.0.me201303041849.jar:na]
	at org.eclipse.m2e.jdt.internal.DownloadSourcesJob.downloadAttachments(DownloadSourcesJob.java:237) [org.eclipse.m2e.jdt_1.2.0.me201303041849.jar:na]
	at org.eclipse.m2e.jdt.internal.DownloadSourcesJob.downloadMaven(DownloadSourcesJob.java:203) [org.eclipse.m2e.jdt_1.2.0.me201303041849.jar:na]
	at org.eclipse.m2e.jdt.internal.DownloadSourcesJob.run(DownloadSourcesJob.java:146) [org.eclipse.m2e.jdt_1.2.0.me201303041849.jar:na]
	at org.eclipse.core.internal.jobs.Worker.run(Worker.java:54) [org.eclipse.core.jobs_3.5.200.v20120521-2346.jar:na]
2017-05-22 10:12:02,495 [Worker-168] INFO  o.e.m.c.i.embedder.EclipseLogger - Using 'UTF-8' encoding to copy filtered resources.
2017-05-22 10:12:02,495 [Worker-168] INFO  o.e.m.c.i.embedder.EclipseLogger - skip non existing resourceDirectory D:\javacode\mavenFirst\MyHello\src\main\resources
2017-05-22 10:12:02,497 [Worker-168] INFO  o.e.m.c.i.embedder.EclipseLogger - Using 'UTF-8' encoding to copy filtered resources.
2017-05-22 10:12:02,497 [Worker-168] INFO  o.e.m.c.i.embedder.EclipseLogger - skip non existing resourceDirectory D:\javacode\mavenFirst\MyHello\src\test\resources
2017-05-22 10:14:45,961 [Worker-172] INFO  o.e.m.i.launch.MavenLaunchDelegate - D:\javacode\mavenFirst\MyHello
2017-05-22 10:14:45,961 [Worker-172] INFO  o.e.m.i.launch.MavenLaunchDelegate -  mvn  -B -s D:\MAVEN\apache-maven-3.5.0\conf\settings.xml 
2017-05-22 10:17:07,835 [Worker-173] INFO  o.e.m.c.i.l.LifecycleMappingFactory - Using org.eclipse.m2e.jdt.JarLifecycleMapping lifecycle mapping for MavenProject: MyHello:MyHello:0.0.1-SNAPSHOT @ D:\javacode\mavenFirst\MyHello\pom.xml.
2017-05-22 10:17:07,882 [Worker-173] INFO  o.e.m.c.i.embedder.EclipseLogger - Using 'UTF-8' encoding to copy filtered resources.
2017-05-22 10:17:07,882 [Worker-173] INFO  o.e.m.c.i.embedder.EclipseLogger - skip non existing resourceDirectory D:\javacode\mavenFirst\MyHello\src\main\resources
2017-05-22 10:17:07,885 [Worker-173] INFO  o.e.m.c.i.embedder.EclipseLogger - Using 'UTF-8' encoding to copy filtered resources.
2017-05-22 10:17:07,885 [Worker-173] INFO  o.e.m.c.i.embedder.EclipseLogger - skip non existing resourceDirectory D:\javacode\mavenFirst\MyHello\src\test\resources
2017-05-22 10:17:09,063 [Worker-178] INFO  o.e.m.c.i.embedder.EclipseLogger - Using 'UTF-8' encoding to copy filtered resources.
2017-05-22 10:17:09,064 [Worker-178] INFO  o.e.m.c.i.embedder.EclipseLogger - skip non existing resourceDirectory D:\javacode\mavenFirst\MyHello\src\main\resources
2017-05-22 10:17:09,065 [Worker-178] INFO  o.e.m.c.i.embedder.EclipseLogger - Using 'UTF-8' encoding to copy filtered resources.
2017-05-22 10:17:09,065 [Worker-178] INFO  o.e.m.c.i.embedder.EclipseLogger - skip non existing resourceDirectory D:\javacode\mavenFirst\MyHello\src\test\resources
2017-05-22 10:18:15,209 [Worker-178] INFO  o.e.m.c.i.l.LifecycleMappingFactory - Using org.eclipse.m2e.jdt.JarLifecycleMapping lifecycle mapping for MavenProject: MyHello:MyHello:0.0.1-SNAPSHOT @ D:\javacode\mavenFirst\MyHello\pom.xml.
2017-05-22 10:18:15,260 [Worker-178] INFO  o.e.m.c.i.embedder.EclipseLogger - Using 'UTF-8' encoding to copy filtered resources.
2017-05-22 10:18:15,260 [Worker-178] INFO  o.e.m.c.i.embedder.EclipseLogger - skip non existing resourceDirectory D:\javacode\mavenFirst\MyHello\src\main\resources
2017-05-22 10:18:15,262 [Worker-178] INFO  o.e.m.c.i.embedder.EclipseLogger - Using 'UTF-8' encoding to copy filtered resources.
2017-05-22 10:18:15,262 [Worker-178] INFO  o.e.m.c.i.embedder.EclipseLogger - skip non existing resourceDirectory D:\javacode\mavenFirst\MyHello\src\test\resources
2017-05-22 10:18:24,040 [Worker-176] INFO  o.e.m.i.launch.MavenLaunchDelegate - D:\javacode\mavenFirst\MyHello
2017-05-22 10:18:24,040 [Worker-176] INFO  o.e.m.i.launch.MavenLaunchDelegate -  mvn  -B -s D:\MAVEN\apache-maven-3.5.0\conf\settings.xml test
2017-05-22 10:21:24,391 [Worker-165] INFO  o.e.m.i.launch.MavenLaunchDelegate - D:\javacode\mavenFirst\MyHello
2017-05-22 10:21:24,391 [Worker-165] INFO  o.e.m.i.launch.MavenLaunchDelegate -  mvn  -B -s D:\MAVEN\apache-maven-3.5.0\conf\settings.xml test
2017-05-22 10:23:38,990 [Worker-178] INFO  o.e.m.i.launch.MavenLaunchDelegate - D:\javacode\mavenFirst\MyHello
2017-05-22 10:23:38,990 [Worker-178] INFO  o.e.m.i.launch.MavenLaunchDelegate -  mvn  -B -s D:\MAVEN\apache-maven-3.5.0\conf\settings.xml install
2017-05-22 10:42:11,940 [Worker-185] INFO  o.e.m.i.launch.MavenLaunchDelegate - D:\javacode\mavenFirst\MyHello
2017-05-22 10:42:11,940 [Worker-185] INFO  o.e.m.i.launch.MavenLaunchDelegate -  mvn  -B -s D:\MAVEN\apache-maven-3.5.0\conf\settings.xml test
2017-05-22 10:42:57,677 [main] INFO  o.e.m.c.i.l.LifecycleMappingFactory - Using org.eclipse.m2e.jdt.JarLifecycleMapping lifecycle mapping for MavenProject: MyHello:MyHello:0.0.1-SNAPSHOT @ D:\javacode\mavenFirst\MyHello\pom.xml.
2017-05-22 10:43:19,401 [main] INFO  o.e.m2e.actions.ExecutePomAction - Using existing launch configuration
2017-05-22 10:43:35,534 [Worker-185] INFO  o.e.m.i.launch.MavenLaunchDelegate - D:\javacode\mavenFirst\MyHello
2017-05-22 10:43:35,534 [Worker-185] INFO  o.e.m.i.launch.MavenLaunchDelegate -  mvn  -B -s D:\MAVEN\apache-maven-3.5.0\conf\settings.xml test
2017-05-22 11:08:53,529 [Worker-0] INFO  o.e.m.i.launch.MavenLaunchDelegate - D:\javacode\mavenFirst\MyHello
2017-05-22 11:08:53,541 [Worker-0] INFO  o.e.m.i.launch.MavenLaunchDelegate -  mvn  -B -s D:\MAVEN\apache-maven-3.5.0\conf\settings.xml test
2017-05-22 11:09:27,560 [Worker-10] INFO  o.e.m.c.i.embedder.EclipseLogger - Using 'UTF-8' encoding to copy filtered resources.
2017-05-22 11:09:27,560 [Worker-10] INFO  o.e.m.c.i.embedder.EclipseLogger - skip non existing resourceDirectory D:\javacode\mavenFirst\MyHello\src\main\resources
2017-05-22 11:09:27,563 [Worker-10] INFO  o.e.m.c.i.embedder.EclipseLogger - Using 'UTF-8' encoding to copy filtered resources.
2017-05-22 11:09:27,563 [Worker-10] INFO  o.e.m.c.i.embedder.EclipseLogger - skip non existing resourceDirectory D:\javacode\mavenFirst\MyHello\src\test\resources
2017-05-22 11:10:08,321 [Worker-3] INFO  o.e.m.i.launch.MavenLaunchDelegate - D:\javacode\mavenFirst\MyHello
2017-05-22 11:10:08,321 [Worker-3] INFO  o.e.m.i.launch.MavenLaunchDelegate -  mvn  -B -s D:\MAVEN\apache-maven-3.5.0\conf\settings.xml install
2017-05-22 11:14:53,516 [Worker-8] INFO  o.e.m.c.i.p.ProjectConfigurationManager - Collecting project info '/pom.xml' D:\javacode\mavenFirst\MyHelloFriend\pom.xml
2017-05-22 11:14:54,246 [Worker-8] INFO  o.e.m.c.i.l.LifecycleMappingFactory - Using org.eclipse.m2e.jdt.JarLifecycleMapping lifecycle mapping for MavenProject: MyHelloFriend:MyHelloFriend:0.0.1-SNAPSHOT @ D:\javacode\mavenFirst\MyHelloFriend\pom.xml.
2017-05-22 11:14:56,485 [Worker-8] INFO  o.e.m.j.i.AbstractJavaProjectConfigurator - Adding source folder /MyHelloFriend/src/main/java
2017-05-22 11:14:56,488 [Worker-8] INFO  o.e.m.j.i.AbstractJavaProjectConfigurator - Adding source folder /MyHelloFriend/src/test/java
2017-05-22 11:14:56,718 [Worker-8] INFO  o.e.m.c.i.p.ProjectConfigurationManager - Project import completed 3 sec
2017-05-22 11:14:57,219 [Worker-5] INFO  o.e.m.c.i.l.LifecycleMappingFactory - Using org.eclipse.m2e.jdt.JarLifecycleMapping lifecycle mapping for MavenProject: MyHelloFriend:MyHelloFriend:0.0.1-SNAPSHOT @ D:\javacode\mavenFirst\MyHelloFriend\pom.xml.
2017-05-22 11:14:59,390 [Worker-7] INFO  o.e.m.c.i.l.LifecycleMappingFactory - Using org.eclipse.m2e.jdt.JarLifecycleMapping lifecycle mapping for MavenProject: MyHelloFriend:MyHelloFriend:0.0.1-SNAPSHOT @ D:\javacode\mavenFirst\MyHelloFriend\pom.xml.
2017-05-22 11:14:59,466 [Worker-7] INFO  o.e.m.c.i.embedder.EclipseLogger - Using 'UTF-8' encoding to copy filtered resources.
2017-05-22 11:14:59,467 [Worker-7] INFO  o.e.m.c.i.embedder.EclipseLogger - skip non existing resourceDirectory D:\javacode\mavenFirst\MyHelloFriend\src\main\resources
2017-05-22 11:14:59,469 [Worker-7] INFO  o.e.m.c.i.embedder.EclipseLogger - Using 'UTF-8' encoding to copy filtered resources.
2017-05-22 11:14:59,469 [Worker-7] INFO  o.e.m.c.i.embedder.EclipseLogger - skip non existing resourceDirectory D:\javacode\mavenFirst\MyHelloFriend\src\test\resources
